<?xml version="1.0" encoding="UTF-8"?>
<!-- Generated by org.testng.reporters.JUnitXMLReporter -->
<testsuite ignored="11" hostname="DESKTOP-47UL4EB" failures="0" tests="1" name="Default test" time="14.838" errors="0" timestamp="2024-02-15T14:21:52 IST">
  <testcase classname="org.vedha.form.PractiseForm" name="testcase4" time="0.032"/>
  <testcase classname="org.vedha.form.PractiseForm" name="tetcase2" time="0.0">
    <ignored/>
  </testcase> <!-- tetcase2 -->
  <testcase classname="org.vedha.form.PractiseForm" name="testcase9" time="0.0">
    <ignored/>
  </testcase> <!-- testcase9 -->
  <testcase classname="org.vedha.form.PractiseForm" name="tescase12" time="0.0">
    <ignored/>
  </testcase> <!-- tescase12 -->
  <testcase classname="org.vedha.form.PractiseForm" name="testcase1" time="0.0">
    <ignored/>
  </testcase> <!-- testcase1 -->
  <testcase classname="org.vedha.form.PractiseForm" name="testcase3" time="0.0">
    <ignored/>
  </testcase> <!-- testcase3 -->
  <testcase classname="org.vedha.form.PractiseForm" name="testcase5" time="0.0">
    <ignored/>
  </testcase> <!-- testcase5 -->
  <testcase classname="org.vedha.form.PractiseForm" name="testcase6" time="0.0">
    <ignored/>
  </testcase> <!-- testcase6 -->
  <testcase classname="org.vedha.form.PractiseForm" name="testcase7" time="0.0">
    <ignored/>
  </testcase> <!-- testcase7 -->
  <testcase classname="org.vedha.form.PractiseForm" name="testcase11" time="0.0">
    <ignored/>
  </testcase> <!-- testcase11 -->
  <testcase classname="org.vedha.form.PractiseForm" name="testcase10" time="0.0">
    <ignored/>
  </testcase> <!-- testcase10 -->
  <testcase classname="org.vedha.form.PractiseForm" name="testcase8" time="0.0">
    <ignored/>
  </testcase> <!-- testcase8 -->
</testsuite> <!-- Default test -->
