<?xml version="1.0" encoding="UTF-8"?>
<!-- Generated by org.testng.reporters.JUnitXMLReporter -->
<testsuite ignored="0" hostname="DESKTOP-47UL4EB" failures="0" tests="7" name="Test" time="73.363" errors="0" timestamp="2024-01-30T18:37:58 IST">
  <testcase classname="org.vedha.Testcase.TestBox" name="toolsqTC2" time="0.413"/>
  <testcase classname="org.vedha.Testcase.TestBox" name="toolsqaTC1" time="0.275"/>
  <testcase classname="org.vedha.Testcase.TestBox" name="toolsqaTC3" time="0.08"/>
  <testcase classname="org.vedha.Testcase.TestBox" name="toolsqaTC4" time="8.119"/>
  <testcase classname="org.vedha.Testcase.TestBox" name="toolsqaTC5" time="0.161"/>
  <testcase classname="org.vedha.Testcase.Checkbox" name="checkboxTC" time="5.382"/>
  <testcase classname="org.vedha.Testcase.Radiobutton" name="RadioButtonHandling" time="0.008"/>
</testsuite> <!-- Test -->
