<?xml version="1.0" encoding="UTF-8"?>
<testng-results ignored="11" total="12" passed="1" failed="0" skipped="0">
  <reporter-output>
  </reporter-output>
  <suite started-at="2024-02-15T14:21:37 IST" name="Default suite" finished-at="2024-02-15T14:21:52 IST" duration-ms="14838">
    <groups>
      <group name="group4">
        <method signature="PractiseForm.testcase4()[pri:4, instance:org.vedha.form.PractiseForm@3b6ddd1d]" name="testcase4" class="org.vedha.form.PractiseForm"/>
      </group> <!-- group4 -->
    </groups>
    <test started-at="2024-02-15T14:21:37 IST" name="Default test" finished-at="2024-02-15T14:21:52 IST" duration-ms="14838">
      <class name="org.vedha.form.PractiseForm">
        <test-method is-config="true" signature="StartBrowser()[pri:0, instance:org.vedha.form.PractiseForm@3b6ddd1d]" started-at="2024-02-15T14:21:37 IST" name="StartBrowser" finished-at="2024-02-15T14:21:51 IST" duration-ms="14713" status="PASS">
          <reporter-output>
          </reporter-output>
        </test-method> <!-- StartBrowser -->
        <test-method signature="testcase4()[pri:4, instance:org.vedha.form.PractiseForm@3b6ddd1d]" started-at="2024-02-15T14:21:51 IST" name="testcase4" description="verify and validate email section" finished-at="2024-02-15T14:21:51 IST" duration-ms="32" status="PASS">
          <reporter-output>
          </reporter-output>
        </test-method> <!-- testcase4 -->
      </class> <!-- org.vedha.form.PractiseForm -->
    </test> <!-- Default test -->
  </suite> <!-- Default suite -->
</testng-results>
